<?xml version="1.0" encoding="UTF-8"?>
<coverage generated="1591963218658" clover="3.2.0">
  <project timestamp="1591963218658" name="All files">
    <metrics statements="33" coveredstatements="33" conditionals="44" coveredconditionals="44" methods="7" coveredmethods="7" elements="84" coveredelements="84" complexity="0" loc="33" ncloc="33" packages="1" files="2" classes="2"/>
    <file name="board.js" path="/home/conejitomaya/Projects/tictactoe-js/src/controller/board.js">
      <metrics statements="28" coveredstatements="28" conditionals="44" coveredconditionals="44" methods="6" coveredmethods="6"/>
      <line num="1" count="4" type="stmt"/>
      <line num="2" count="4" type="stmt"/>
      <line num="4" count="4" type="stmt"/>
      <line num="5" count="9" type="stmt"/>
      <line num="6" count="9" type="cond" truecount="5" falsecount="0"/>
      <line num="7" count="9" type="cond" truecount="5" falsecount="0"/>
      <line num="8" count="9" type="cond" truecount="5" falsecount="0"/>
      <line num="9" count="9" type="cond" truecount="5" falsecount="0"/>
      <line num="10" count="9" type="cond" truecount="5" falsecount="0"/>
      <line num="11" count="9" type="cond" truecount="5" falsecount="0"/>
      <line num="12" count="9" type="cond" truecount="5" falsecount="0"/>
      <line num="13" count="9" type="cond" truecount="5" falsecount="0"/>
      <line num="14" count="9" type="stmt"/>
      <line num="17" count="4" type="stmt"/>
      <line num="18" count="3" type="stmt"/>
      <line num="19" count="3" type="cond" truecount="2" falsecount="0"/>
      <line num="20" count="2" type="stmt"/>
      <line num="22" count="3" type="stmt"/>
      <line num="25" count="4" type="stmt"/>
      <line num="26" count="35" type="stmt"/>
      <line num="27" count="35" type="stmt"/>
      <line num="30" count="4" type="stmt"/>
      <line num="31" count="2" type="cond" truecount="2" falsecount="0"/>
      <line num="32" count="1" type="stmt"/>
      <line num="35" count="1" type="stmt"/>
      <line num="39" count="4" type="stmt"/>
      <line num="40" count="2" type="stmt"/>
      <line num="43" count="4" type="stmt"/>
    </file>
    <file name="player.js" path="/home/conejitomaya/Projects/tictactoe-js/src/controller/player.js">
      <metrics statements="5" coveredstatements="5" conditionals="0" coveredconditionals="0" methods="1" coveredmethods="1"/>
      <line num="2" count="4" type="stmt"/>
      <line num="3" count="8" type="stmt"/>
      <line num="4" count="8" type="stmt"/>
      <line num="5" count="8" type="stmt"/>
      <line num="8" count="8" type="stmt"/>
    </file>
  </project>
</coverage>
