{"/home/conejitomaya/Projects/tictactoe-js/src/controller/board.js": {"path":"/home/conejitomaya/Projects/tictactoe-js/src/controller/board.js","statementMap":{"0":{"start":{"line":1,"column":15},"end":{"line":51,"column":1}},"1":{"start":{"line":2,"column":16},"end":{"line":2,"column":70}},"2":{"start":{"line":4,"column":28},"end":{"line":15,"column":3}},"3":{"start":{"line":5,"column":16},"end":{"line":5,"column":21}},"4":{"start":{"line":6,"column":4},"end":{"line":6,"column":89}},"5":{"start":{"line":6,"column":76},"end":{"line":6,"column":89}},"6":{"start":{"line":7,"column":4},"end":{"line":7,"column":89}},"7":{"start":{"line":7,"column":76},"end":{"line":7,"column":89}},"8":{"start":{"line":8,"column":4},"end":{"line":8,"column":89}},"9":{"start":{"line":8,"column":76},"end":{"line":8,"column":89}},"10":{"start":{"line":9,"column":4},"end":{"line":9,"column":89}},"11":{"start":{"line":9,"column":76},"end":{"line":9,"column":89}},"12":{"start":{"line":10,"column":4},"end":{"line":10,"column":89}},"13":{"start":{"line":10,"column":76},"end":{"line":10,"column":89}},"14":{"start":{"line":11,"column":4},"end":{"line":11,"column":89}},"15":{"start":{"line":11,"column":76},"end":{"line":11,"column":89}},"16":{"start":{"line":12,"column":4},"end":{"line":12,"column":89}},"17":{"start":{"line":12,"column":76},"end":{"line":12,"column":89}},"18":{"start":{"line":13,"column":4},"end":{"line":13,"column":89}},"19":{"start":{"line":13,"column":76},"end":{"line":13,"column":89}},"20":{"start":{"line":14,"column":4},"end":{"line":14,"column":17}},"21":{"start":{"line":17,"column":29},"end":{"line":23,"column":3}},"22":{"start":{"line":18,"column":17},"end":{"line":18,"column":21}},"23":{"start":{"line":19,"column":4},"end":{"line":21,"column":5}},"24":{"start":{"line":20,"column":6},"end":{"line":20,"column":21}},"25":{"start":{"line":22,"column":4},"end":{"line":22,"column":18}},"26":{"start":{"line":25,"column":18},"end":{"line":28,"column":3}},"27":{"start":{"line":26,"column":4},"end":{"line":26,"column":32}},"28":{"start":{"line":27,"column":4},"end":{"line":27,"column":16}},"29":{"start":{"line":30,"column":24},"end":{"line":37,"column":3}},"30":{"start":{"line":31,"column":4},"end":{"line":36,"column":5}},"31":{"start":{"line":32,"column":6},"end":{"line":32,"column":21}},"32":{"start":{"line":35,"column":6},"end":{"line":35,"column":21}},"33":{"start":{"line":39,"column":21},"end":{"line":41,"column":3}},"34":{"start":{"line":40,"column":4},"end":{"line":40,"column":64}},"35":{"start":{"line":43,"column":2},"end":{"line":50,"column":4}}},"fnMap":{"0":{"name":"(anonymous_0)","decl":{"start":{"line":1,"column":15},"end":{"line":1,"column":16}},"loc":{"start":{"line":1,"column":21},"end":{"line":51,"column":1}},"line":1},"1":{"name":"(anonymous_1)","decl":{"start":{"line":4,"column":28},"end":{"line":4,"column":29}},"loc":{"start":{"line":4,"column":34},"end":{"line":15,"column":3}},"line":4},"2":{"name":"(anonymous_2)","decl":{"start":{"line":17,"column":29},"end":{"line":17,"column":30}},"loc":{"start":{"line":17,"column":35},"end":{"line":23,"column":3}},"line":17},"3":{"name":"(anonymous_3)","decl":{"start":{"line":25,"column":18},"end":{"line":25,"column":19}},"loc":{"start":{"line":25,"column":37},"end":{"line":28,"column":3}},"line":25},"4":{"name":"(anonymous_4)","decl":{"start":{"line":30,"column":24},"end":{"line":30,"column":25}},"loc":{"start":{"line":30,"column":46},"end":{"line":37,"column":3}},"line":30},"5":{"name":"(anonymous_5)","decl":{"start":{"line":39,"column":21},"end":{"line":39,"column":22}},"loc":{"start":{"line":39,"column":43},"end":{"line":41,"column":3}},"line":39}},"branchMap":{"0":{"loc":{"start":{"line":6,"column":4},"end":{"line":6,"column":89}},"type":"if","locations":[{"start":{"line":6,"column":4},"end":{"line":6,"column":89}},{"start":{"line":6,"column":4},"end":{"line":6,"column":89}}],"line":6},"1":{"loc":{"start":{"line":6,"column":8},"end":{"line":6,"column":74}},"type":"binary-expr","locations":[{"start":{"line":6,"column":8},"end":{"line":6,"column":24}},{"start":{"line":6,"column":28},"end":{"line":6,"column":49}},{"start":{"line":6,"column":53},"end":{"line":6,"column":74}}],"line":6},"2":{"loc":{"start":{"line":7,"column":4},"end":{"line":7,"column":89}},"type":"if","locations":[{"start":{"line":7,"column":4},"end":{"line":7,"column":89}},{"start":{"line":7,"column":4},"end":{"line":7,"column":89}}],"line":7},"3":{"loc":{"start":{"line":7,"column":8},"end":{"line":7,"column":74}},"type":"binary-expr","locations":[{"start":{"line":7,"column":8},"end":{"line":7,"column":24}},{"start":{"line":7,"column":28},"end":{"line":7,"column":49}},{"start":{"line":7,"column":53},"end":{"line":7,"column":74}}],"line":7},"4":{"loc":{"start":{"line":8,"column":4},"end":{"line":8,"column":89}},"type":"if","locations":[{"start":{"line":8,"column":4},"end":{"line":8,"column":89}},{"start":{"line":8,"column":4},"end":{"line":8,"column":89}}],"line":8},"5":{"loc":{"start":{"line":8,"column":8},"end":{"line":8,"column":74}},"type":"binary-expr","locations":[{"start":{"line":8,"column":8},"end":{"line":8,"column":24}},{"start":{"line":8,"column":28},"end":{"line":8,"column":49}},{"start":{"line":8,"column":53},"end":{"line":8,"column":74}}],"line":8},"6":{"loc":{"start":{"line":9,"column":4},"end":{"line":9,"column":89}},"type":"if","locations":[{"start":{"line":9,"column":4},"end":{"line":9,"column":89}},{"start":{"line":9,"column":4},"end":{"line":9,"column":89}}],"line":9},"7":{"loc":{"start":{"line":9,"column":8},"end":{"line":9,"column":74}},"type":"binary-expr","locations":[{"start":{"line":9,"column":8},"end":{"line":9,"column":24}},{"start":{"line":9,"column":28},"end":{"line":9,"column":49}},{"start":{"line":9,"column":53},"end":{"line":9,"column":74}}],"line":9},"8":{"loc":{"start":{"line":10,"column":4},"end":{"line":10,"column":89}},"type":"if","locations":[{"start":{"line":10,"column":4},"end":{"line":10,"column":89}},{"start":{"line":10,"column":4},"end":{"line":10,"column":89}}],"line":10},"9":{"loc":{"start":{"line":10,"column":8},"end":{"line":10,"column":74}},"type":"binary-expr","locations":[{"start":{"line":10,"column":8},"end":{"line":10,"column":24}},{"start":{"line":10,"column":28},"end":{"line":10,"column":49}},{"start":{"line":10,"column":53},"end":{"line":10,"column":74}}],"line":10},"10":{"loc":{"start":{"line":11,"column":4},"end":{"line":11,"column":89}},"type":"if","locations":[{"start":{"line":11,"column":4},"end":{"line":11,"column":89}},{"start":{"line":11,"column":4},"end":{"line":11,"column":89}}],"line":11},"11":{"loc":{"start":{"line":11,"column":8},"end":{"line":11,"column":74}},"type":"binary-expr","locations":[{"start":{"line":11,"column":8},"end":{"line":11,"column":24}},{"start":{"line":11,"column":28},"end":{"line":11,"column":49}},{"start":{"line":11,"column":53},"end":{"line":11,"column":74}}],"line":11},"12":{"loc":{"start":{"line":12,"column":4},"end":{"line":12,"column":89}},"type":"if","locations":[{"start":{"line":12,"column":4},"end":{"line":12,"column":89}},{"start":{"line":12,"column":4},"end":{"line":12,"column":89}}],"line":12},"13":{"loc":{"start":{"line":12,"column":8},"end":{"line":12,"column":74}},"type":"binary-expr","locations":[{"start":{"line":12,"column":8},"end":{"line":12,"column":24}},{"start":{"line":12,"column":28},"end":{"line":12,"column":49}},{"start":{"line":12,"column":53},"end":{"line":12,"column":74}}],"line":12},"14":{"loc":{"start":{"line":13,"column":4},"end":{"line":13,"column":89}},"type":"if","locations":[{"start":{"line":13,"column":4},"end":{"line":13,"column":89}},{"start":{"line":13,"column":4},"end":{"line":13,"column":89}}],"line":13},"15":{"loc":{"start":{"line":13,"column":8},"end":{"line":13,"column":74}},"type":"binary-expr","locations":[{"start":{"line":13,"column":8},"end":{"line":13,"column":24}},{"start":{"line":13,"column":28},"end":{"line":13,"column":49}},{"start":{"line":13,"column":53},"end":{"line":13,"column":74}}],"line":13},"16":{"loc":{"start":{"line":19,"column":4},"end":{"line":21,"column":5}},"type":"if","locations":[{"start":{"line":19,"column":4},"end":{"line":21,"column":5}},{"start":{"line":19,"column":4},"end":{"line":21,"column":5}}],"line":19},"17":{"loc":{"start":{"line":31,"column":4},"end":{"line":36,"column":5}},"type":"if","locations":[{"start":{"line":31,"column":4},"end":{"line":36,"column":5}},{"start":{"line":31,"column":4},"end":{"line":36,"column":5}}],"line":31}},"s":{"0":4,"1":4,"2":4,"3":9,"4":9,"5":4,"6":9,"7":7,"8":9,"9":6,"10":9,"11":5,"12":9,"13":4,"14":9,"15":3,"16":9,"17":5,"18":9,"19":3,"20":9,"21":4,"22":3,"23":3,"24":2,"25":3,"26":4,"27":35,"28":35,"29":4,"30":2,"31":1,"32":1,"33":4,"34":2,"35":4},"f":{"0":4,"1":9,"2":3,"3":35,"4":2,"5":2},"b":{"0":[4,5],"1":[9,7,5],"2":[7,2],"3":[9,7,7],"4":[6,3],"5":[9,6,6],"6":[5,4],"7":[9,7,5],"8":[4,5],"9":[9,5,4],"10":[3,6],"11":[9,4,3],"12":[5,4],"13":[9,7,5],"14":[3,6],"15":[9,6,6],"16":[2,1],"17":[1,1]},"_coverageSchema":"1a1c01bbd47fc00a2c39e90264f33305004495a9","hash":"fbe1e7a15dc48340c0e5750f4c4f8fe254b2157f"}
,"/home/conejitomaya/Projects/tictactoe-js/src/controller/player.js": {"path":"/home/conejitomaya/Projects/tictactoe-js/src/controller/player.js","statementMap":{"0":{"start":{"line":2,"column":16},"end":{"line":13,"column":1}},"1":{"start":{"line":3,"column":15},"end":{"line":3,"column":20}},"2":{"start":{"line":4,"column":16},"end":{"line":4,"column":22}},"3":{"start":{"line":5,"column":15},"end":{"line":5,"column":20}},"4":{"start":{"line":8,"column":2},"end":{"line":12,"column":4}}},"fnMap":{"0":{"name":"(anonymous_0)","decl":{"start":{"line":2,"column":16},"end":{"line":2,"column":17}},"loc":{"start":{"line":2,"column":42},"end":{"line":13,"column":1}},"line":2}},"branchMap":{},"s":{"0":4,"1":8,"2":8,"3":8,"4":8},"f":{"0":8},"b":{},"_coverageSchema":"1a1c01bbd47fc00a2c39e90264f33305004495a9","hash":"328faf0eef4251d8573e55abf7de35b86619185e"}
}
