TN:
SF:src/controller/board.js
FN:1,(anonymous_0)
FN:4,(anonymous_1)
FN:17,(anonymous_2)
FN:25,(anonymous_3)
FN:30,(anonymous_4)
FN:39,(anonymous_5)
FNF:6
FNH:6
FNDA:4,(anonymous_0)
FNDA:9,(anonymous_1)
FNDA:3,(anonymous_2)
FNDA:35,(anonymous_3)
FNDA:2,(anonymous_4)
FNDA:2,(anonymous_5)
DA:1,4
DA:2,4
DA:4,4
DA:5,9
DA:6,9
DA:7,9
DA:8,9
DA:9,9
DA:10,9
DA:11,9
DA:12,9
DA:13,9
DA:14,9
DA:17,4
DA:18,3
DA:19,3
DA:20,2
DA:22,3
DA:25,4
DA:26,35
DA:27,35
DA:30,4
DA:31,2
DA:32,1
DA:35,1
DA:39,4
DA:40,2
DA:43,4
LF:28
LH:28
BRDA:6,0,0,4
BRDA:6,0,1,5
BRDA:6,1,0,9
BRDA:6,1,1,7
BRDA:6,1,2,5
BRDA:7,2,0,7
BRDA:7,2,1,2
BRDA:7,3,0,9
BRDA:7,3,1,7
BRDA:7,3,2,7
BRDA:8,4,0,6
BRDA:8,4,1,3
BRDA:8,5,0,9
BRDA:8,5,1,6
BRDA:8,5,2,6
BRDA:9,6,0,5
BRDA:9,6,1,4
BRDA:9,7,0,9
BRDA:9,7,1,7
BRDA:9,7,2,5
BRDA:10,8,0,4
BRDA:10,8,1,5
BRDA:10,9,0,9
BRDA:10,9,1,5
BRDA:10,9,2,4
BRDA:11,10,0,3
BRDA:11,10,1,6
BRDA:11,11,0,9
BRDA:11,11,1,4
BRDA:11,11,2,3
BRDA:12,12,0,5
BRDA:12,12,1,4
BRDA:12,13,0,9
BRDA:12,13,1,7
BRDA:12,13,2,5
BRDA:13,14,0,3
BRDA:13,14,1,6
BRDA:13,15,0,9
BRDA:13,15,1,6
BRDA:13,15,2,6
BRDA:19,16,0,2
BRDA:19,16,1,1
BRDA:31,17,0,1
BRDA:31,17,1,1
BRF:44
BRH:44
end_of_record
TN:
SF:src/controller/player.js
FN:2,(anonymous_0)
FNF:1
FNH:1
FNDA:8,(anonymous_0)
DA:2,4
DA:3,8
DA:4,8
DA:5,8
DA:8,8
LF:5
LH:5
BRF:0
BRH:0
end_of_record
